2020-03-24T13:51:13+00:00 CRITICAL Uncaught Error: Call to undefined function curl_init() in /var/www/wp-content/plugins/paydunya-woocommerce-gateway-master/paydunya-woocommerce-gateway.php:237
Stack trace:
#0 /var/www/wp-content/plugins/paydunya-woocommerce-gateway-master/paydunya-woocommerce-gateway.php(292): WC_Paydunya->post_to_url('https://app.pay...', Array, 12018)
#1 /var/www/wp-content/plugins/woocommerce/includes/class-wc-checkout.php(928): WC_Paydunya->process_payment(12018)
#2 /var/www/wp-content/plugins/woocommerce/includes/class-wc-checkout.php(1131): WC_Checkout->process_order_payment(12018, 'paydunya')
#3 /var/www/wp-content/plugins/woocommerce/includes/class-wc-ajax.php(462): WC_Checkout->process_checkout()
#4 /var/www/wp-includes/class-wp-hook.php(288): WC_AJAX::checkout('')
#5 /var/www/wp-includes/class-wp-hook.php(312): WP_Hook->apply_filters('', Array)
#6 /var/www/wp-includes/plugin.php(478): WP_Hook->do_action(Array)
#7 /var/www/wp-content/plugins/woocommerce/includes/class-wc-ajax.php(87): do_action('wc_ajax_checkou...')
 dans /var/www/wp-content/plugins/paydunya-woocommerce-gateway-master/paydunya-woocommerce-gateway.php à la ligne 237

2020-03-24T14:54:21+00:00 CRITICAL Uncaught Error: Call to undefined function curl_init() in /var/www/wp-content/plugins/paydunya-woocommerce-gateway-master/paydunya-woocommerce-gateway.php:237
Stack trace:
#0 /var/www/wp-content/plugins/paydunya-woocommerce-gateway-master/paydunya-woocommerce-gateway.php(292): WC_Paydunya->post_to_url('https://app.pay...', Array, 12018)
#1 /var/www/wp-content/plugins/woocommerce/includes/class-wc-checkout.php(928): WC_Paydunya->process_payment(12018)
#2 /var/www/wp-content/plugins/woocommerce/includes/class-wc-checkout.php(1131): WC_Checkout->process_order_payment(12018, 'paydunya')
#3 /var/www/wp-content/plugins/woocommerce/includes/class-wc-ajax.php(462): WC_Checkout->process_checkout()
#4 /var/www/wp-includes/class-wp-hook.php(288): WC_AJAX::checkout('')
#5 /var/www/wp-includes/class-wp-hook.php(312): WP_Hook->apply_filters('', Array)
#6 /var/www/wp-includes/plugin.php(478): WP_Hook->do_action(Array)
#7 /var/www/wp-content/plugins/woocommerce/includes/class-wc-ajax.php(87): do_action('wc_ajax_checkou...')
 dans /var/www/wp-content/plugins/paydunya-woocommerce-gateway-master/paydunya-woocommerce-gateway.php à la ligne 237

2020-03-24T15:26:38+00:00 CRITICAL Uncaught Error: Call to undefined function curl_init() in /var/www/wp-content/plugins/paydunya-woocommerce-gateway-master/paydunya-woocommerce-gateway.php:237
Stack trace:
#0 /var/www/wp-content/plugins/paydunya-woocommerce-gateway-master/paydunya-woocommerce-gateway.php(292): WC_Paydunya->post_to_url('https://app.pay...', Array, 12018)
#1 /var/www/wp-content/plugins/woocommerce/includes/class-wc-checkout.php(928): WC_Paydunya->process_payment(12018)
#2 /var/www/wp-content/plugins/woocommerce/includes/class-wc-checkout.php(1131): WC_Checkout->process_order_payment(12018, 'paydunya')
#3 /var/www/wp-content/plugins/woocommerce/includes/class-wc-ajax.php(462): WC_Checkout->process_checkout()
#4 /var/www/wp-includes/class-wp-hook.php(288): WC_AJAX::checkout('')
#5 /var/www/wp-includes/class-wp-hook.php(312): WP_Hook->apply_filters('', Array)
#6 /var/www/wp-includes/plugin.php(478): WP_Hook->do_action(Array)
#7 /var/www/wp-content/plugins/woocommerce/includes/class-wc-ajax.php(87): do_action('wc_ajax_checkou...')
 dans /var/www/wp-content/plugins/paydunya-woocommerce-gateway-master/paydunya-woocommerce-gateway.php à la ligne 237

2020-03-24T19:50:24+00:00 CRITICAL Uncaught Error: Call to undefined function curl_init() in /var/www/wp-content/plugins/paydunya-woocommerce-gateway-master/paydunya-woocommerce-gateway.php:237
Stack trace:
#0 /var/www/wp-content/plugins/paydunya-woocommerce-gateway-master/paydunya-woocommerce-gateway.php(292): WC_Paydunya->post_to_url('https://app.pay...', Array, 12018)
#1 /var/www/wp-content/plugins/woocommerce/includes/class-wc-checkout.php(928): WC_Paydunya->process_payment(12018)
#2 /var/www/wp-content/plugins/woocommerce/includes/class-wc-checkout.php(1131): WC_Checkout->process_order_payment(12018, 'paydunya')
#3 /var/www/wp-content/plugins/woocommerce/includes/class-wc-ajax.php(462): WC_Checkout->process_checkout()
#4 /var/www/wp-includes/class-wp-hook.php(288): WC_AJAX::checkout('')
#5 /var/www/wp-includes/class-wp-hook.php(312): WP_Hook->apply_filters('', Array)
#6 /var/www/wp-includes/plugin.php(478): WP_Hook->do_action(Array)
#7 /var/www/wp-content/plugins/woocommerce/includes/class-wc-ajax.php(87): do_action('wc_ajax_checkou...')
 dans /var/www/wp-content/plugins/paydunya-woocommerce-gateway-master/paydunya-woocommerce-gateway.php à la ligne 237

2020-03-24T19:50:57+00:00 CRITICAL Uncaught Error: Call to undefined function curl_init() in /var/www/wp-content/plugins/paydunya-woocommerce-gateway-master/paydunya-woocommerce-gateway.php:237
Stack trace:
#0 /var/www/wp-content/plugins/paydunya-woocommerce-gateway-master/paydunya-woocommerce-gateway.php(292): WC_Paydunya->post_to_url('https://app.pay...', Array, 12018)
#1 /var/www/wp-content/plugins/woocommerce/includes/class-wc-checkout.php(928): WC_Paydunya->process_payment(12018)
#2 /var/www/wp-content/plugins/woocommerce/includes/class-wc-checkout.php(1131): WC_Checkout->process_order_payment(12018, 'paydunya')
#3 /var/www/wp-content/plugins/woocommerce/includes/class-wc-ajax.php(462): WC_Checkout->process_checkout()
#4 /var/www/wp-includes/class-wp-hook.php(288): WC_AJAX::checkout('')
#5 /var/www/wp-includes/class-wp-hook.php(312): WP_Hook->apply_filters('', Array)
#6 /var/www/wp-includes/plugin.php(478): WP_Hook->do_action(Array)
#7 /var/www/wp-content/plugins/woocommerce/includes/class-wc-ajax.php(87): do_action('wc_ajax_checkou...')
 dans /var/www/wp-content/plugins/paydunya-woocommerce-gateway-master/paydunya-woocommerce-gateway.php à la ligne 237

2020-03-24T19:51:16+00:00 CRITICAL Uncaught Error: Call to undefined function curl_init() in /var/www/wp-content/plugins/paydunya-woocommerce-gateway-master/paydunya-woocommerce-gateway.php:237
Stack trace:
#0 /var/www/wp-content/plugins/paydunya-woocommerce-gateway-master/paydunya-woocommerce-gateway.php(292): WC_Paydunya->post_to_url('https://app.pay...', Array, 12018)
#1 /var/www/wp-content/plugins/woocommerce/includes/class-wc-checkout.php(928): WC_Paydunya->process_payment(12018)
#2 /var/www/wp-content/plugins/woocommerce/includes/class-wc-checkout.php(1131): WC_Checkout->process_order_payment(12018, 'paydunya')
#3 /var/www/wp-content/plugins/woocommerce/includes/class-wc-ajax.php(462): WC_Checkout->process_checkout()
#4 /var/www/wp-includes/class-wp-hook.php(288): WC_AJAX::checkout('')
#5 /var/www/wp-includes/class-wp-hook.php(312): WP_Hook->apply_filters('', Array)
#6 /var/www/wp-includes/plugin.php(478): WP_Hook->do_action(Array)
#7 /var/www/wp-content/plugins/woocommerce/includes/class-wc-ajax.php(87): do_action('wc_ajax_checkou...')
 dans /var/www/wp-content/plugins/paydunya-woocommerce-gateway-master/paydunya-woocommerce-gateway.php à la ligne 237

2020-03-24T19:52:27+00:00 CRITICAL Uncaught Error: Call to undefined function curl_init() in /var/www/wp-content/plugins/paydunya-woocommerce-gateway-master/paydunya-woocommerce-gateway.php:237
Stack trace:
#0 /var/www/wp-content/plugins/paydunya-woocommerce-gateway-master/paydunya-woocommerce-gateway.php(292): WC_Paydunya->post_to_url('https://app.pay...', Array, 12018)
#1 /var/www/wp-content/plugins/woocommerce/includes/class-wc-checkout.php(928): WC_Paydunya->process_payment(12018)
#2 /var/www/wp-content/plugins/woocommerce/includes/class-wc-checkout.php(1131): WC_Checkout->process_order_payment(12018, 'paydunya')
#3 /var/www/wp-content/plugins/woocommerce/includes/class-wc-ajax.php(462): WC_Checkout->process_checkout()
#4 /var/www/wp-includes/class-wp-hook.php(288): WC_AJAX::checkout('')
#5 /var/www/wp-includes/class-wp-hook.php(312): WP_Hook->apply_filters('', Array)
#6 /var/www/wp-includes/plugin.php(478): WP_Hook->do_action(Array)
#7 /var/www/wp-content/plugins/woocommerce/includes/class-wc-ajax.php(87): do_action('wc_ajax_checkou...')
 dans /var/www/wp-content/plugins/paydunya-woocommerce-gateway-master/paydunya-woocommerce-gateway.php à la ligne 237

2020-03-24T20:02:29+00:00 CRITICAL Uncaught Error: Call to undefined function curl_init() in /var/www/wp-content/plugins/paydunya-woocommerce-gateway-master/paydunya-woocommerce-gateway.php:237
Stack trace:
#0 /var/www/wp-content/plugins/paydunya-woocommerce-gateway-master/paydunya-woocommerce-gateway.php(292): WC_Paydunya->post_to_url('https://app.pay...', Array, 12018)
#1 /var/www/wp-content/plugins/woocommerce/includes/class-wc-checkout.php(928): WC_Paydunya->process_payment(12018)
#2 /var/www/wp-content/plugins/woocommerce/includes/class-wc-checkout.php(1131): WC_Checkout->process_order_payment(12018, 'paydunya')
#3 /var/www/wp-content/plugins/woocommerce/includes/class-wc-ajax.php(462): WC_Checkout->process_checkout()
#4 /var/www/wp-includes/class-wp-hook.php(288): WC_AJAX::checkout('')
#5 /var/www/wp-includes/class-wp-hook.php(312): WP_Hook->apply_filters('', Array)
#6 /var/www/wp-includes/plugin.php(478): WP_Hook->do_action(Array)
#7 /var/www/wp-content/plugins/woocommerce/includes/class-wc-ajax.php(87): do_action('wc_ajax_checkou...')
 dans /var/www/wp-content/plugins/paydunya-woocommerce-gateway-master/paydunya-woocommerce-gateway.php à la ligne 237

2020-03-24T20:06:12+00:00 CRITICAL Uncaught Error: Call to undefined function curl_init() in /var/www/wp-content/plugins/paydunya-woocommerce-gateway-master/paydunya-woocommerce-gateway.php:237
Stack trace:
#0 /var/www/wp-content/plugins/paydunya-woocommerce-gateway-master/paydunya-woocommerce-gateway.php(292): WC_Paydunya->post_to_url('https://app.pay...', Array, 12018)
#1 /var/www/wp-content/plugins/woocommerce/includes/class-wc-checkout.php(928): WC_Paydunya->process_payment(12018)
#2 /var/www/wp-content/plugins/woocommerce/includes/class-wc-checkout.php(1131): WC_Checkout->process_order_payment(12018, 'paydunya')
#3 /var/www/wp-content/plugins/woocommerce/includes/class-wc-ajax.php(462): WC_Checkout->process_checkout()
#4 /var/www/wp-includes/class-wp-hook.php(288): WC_AJAX::checkout('')
#5 /var/www/wp-includes/class-wp-hook.php(312): WP_Hook->apply_filters('', Array)
#6 /var/www/wp-includes/plugin.php(478): WP_Hook->do_action(Array)
#7 /var/www/wp-content/plugins/woocommerce/includes/class-wc-ajax.php(87): do_action('wc_ajax_checkou...')
 dans /var/www/wp-content/plugins/paydunya-woocommerce-gateway-master/paydunya-woocommerce-gateway.php à la ligne 237

2020-03-24T20:30:54+00:00 CRITICAL Uncaught Error: Call to undefined function curl_init() in /var/www/wp-content/plugins/paydunya-woocommerce-gateway-master/paydunya-woocommerce-gateway.php:237
Stack trace:
#0 /var/www/wp-content/plugins/paydunya-woocommerce-gateway-master/paydunya-woocommerce-gateway.php(292): WC_Paydunya->post_to_url('https://app.pay...', Array, 12019)
#1 /var/www/wp-content/plugins/woocommerce/includes/class-wc-checkout.php(928): WC_Paydunya->process_payment(12019)
#2 /var/www/wp-content/plugins/woocommerce/includes/class-wc-checkout.php(1131): WC_Checkout->process_order_payment(12019, 'paydunya')
#3 /var/www/wp-content/plugins/woocommerce/includes/class-wc-ajax.php(462): WC_Checkout->process_checkout()
#4 /var/www/wp-includes/class-wp-hook.php(288): WC_AJAX::checkout('')
#5 /var/www/wp-includes/class-wp-hook.php(312): WP_Hook->apply_filters('', Array)
#6 /var/www/wp-includes/plugin.php(478): WP_Hook->do_action(Array)
#7 /var/www/wp-content/plugins/woocommerce/includes/class-wc-ajax.php(87): do_action('wc_ajax_checkou...')
 dans /var/www/wp-content/plugins/paydunya-woocommerce-gateway-master/paydunya-woocommerce-gateway.php à la ligne 237

2020-03-24T20:32:08+00:00 CRITICAL Uncaught Error: Call to undefined function curl_init() in /var/www/wp-content/plugins/paydunya-woocommerce-gateway-master/paydunya-woocommerce-gateway.php:237
Stack trace:
#0 /var/www/wp-content/plugins/paydunya-woocommerce-gateway-master/paydunya-woocommerce-gateway.php(292): WC_Paydunya->post_to_url('https://app.pay...', Array, 12019)
#1 /var/www/wp-content/plugins/woocommerce/includes/class-wc-checkout.php(928): WC_Paydunya->process_payment(12019)
#2 /var/www/wp-content/plugins/woocommerce/includes/class-wc-checkout.php(1131): WC_Checkout->process_order_payment(12019, 'paydunya')
#3 /var/www/wp-content/plugins/woocommerce/includes/class-wc-ajax.php(462): WC_Checkout->process_checkout()
#4 /var/www/wp-includes/class-wp-hook.php(288): WC_AJAX::checkout('')
#5 /var/www/wp-includes/class-wp-hook.php(312): WP_Hook->apply_filters('', Array)
#6 /var/www/wp-includes/plugin.php(478): WP_Hook->do_action(Array)
#7 /var/www/wp-content/plugins/woocommerce/includes/class-wc-ajax.php(87): do_action('wc_ajax_checkou...')
 dans /var/www/wp-content/plugins/paydunya-woocommerce-gateway-master/paydunya-woocommerce-gateway.php à la ligne 237

2020-03-24T20:36:47+00:00 CRITICAL Uncaught Error: Call to undefined function curl_init() in /var/www/wp-content/plugins/paydunya-woocommerce-gateway-master/paydunya-woocommerce-gateway.php:237
Stack trace:
#0 /var/www/wp-content/plugins/paydunya-woocommerce-gateway-master/paydunya-woocommerce-gateway.php(292): WC_Paydunya->post_to_url('https://app.pay...', Array, 12019)
#1 /var/www/wp-content/plugins/woocommerce/includes/class-wc-checkout.php(928): WC_Paydunya->process_payment(12019)
#2 /var/www/wp-content/plugins/woocommerce/includes/class-wc-checkout.php(1131): WC_Checkout->process_order_payment(12019, 'paydunya')
#3 /var/www/wp-content/plugins/woocommerce/includes/class-wc-ajax.php(462): WC_Checkout->process_checkout()
#4 /var/www/wp-includes/class-wp-hook.php(288): WC_AJAX::checkout('')
#5 /var/www/wp-includes/class-wp-hook.php(312): WP_Hook->apply_filters('', Array)
#6 /var/www/wp-includes/plugin.php(478): WP_Hook->do_action(Array)
#7 /var/www/wp-content/plugins/woocommerce/includes/class-wc-ajax.php(87): do_action('wc_ajax_checkou...')
 dans /var/www/wp-content/plugins/paydunya-woocommerce-gateway-master/paydunya-woocommerce-gateway.php à la ligne 237

